{"D:\\Vlad\\Web\\Privat\\feed-engine-frontend\\src\\components\\AlbumCard.vue": {"path":"D:\\Vlad\\Web\\Privat\\feed-engine-frontend\\src\\components\\AlbumCard.vue","statementMap":{"0":{"start":{"line":43,"column":0},"end":{"line":43,"column":null}},"1":{"start":{"line":51,"column":0},"end":{"line":51,"column":null}},"2":{"start":{"line":61,"column":0},"end":{"line":61,"column":null}},"3":{"start":{"line":62,"column":0},"end":{"line":62,"column":null}},"4":{"start":{"line":53,"column":0},"end":{"line":52,"column":null}},"5":{"start":{"line":58,"column":0},"end":{"line":55,"column":null}},"6":{"start":{"line":56,"column":0},"end":{"line":56,"column":null}},"7":{"start":{"line":51,"column":0},"end":{"line":46,"column":null}},"8":{"start":{"line":48,"column":0},"end":{"line":48,"column":null}}},"fnMap":{"0":{"name":"(anonymous_1)","decl":{"start":{"line":60,"column":0},"end":{"line":60,"column":null}},"loc":{"start":{"line":60,"column":0},"end":{"line":63,"column":null}}},"1":{"name":"(anonymous_2)","decl":{"start":{"line":56,"column":0},"end":{"line":56,"column":null}},"loc":{"start":{"line":56,"column":0},"end":{"line":56,"column":null}}},"2":{"name":"(anonymous_3)","decl":{"start":{"line":48,"column":0},"end":{"line":48,"column":null}},"loc":{"start":{"line":48,"column":0},"end":{"line":48,"column":null}}}},"branchMap":{},"s":{"0":1,"1":1,"2":0,"3":0,"4":1,"5":1,"6":3,"7":1,"8":0},"f":{"0":0,"1":3,"2":0},"b":{}}
,"D:\\Vlad\\Web\\Privat\\feed-engine-frontend\\src\\components\\AlbumForm.vue": {"path":"D:\\Vlad\\Web\\Privat\\feed-engine-frontend\\src\\components\\AlbumForm.vue","statementMap":{"0":{"start":{"line":116,"column":0},"end":{"line":116,"column":null}},"1":{"start":{"line":124,"column":0},"end":{"line":124,"column":null}},"2":{"start":{"line":125,"column":0},"end":{"line":125,"column":null}},"3":{"start":{"line":126,"column":0},"end":{"line":126,"column":null}},"4":{"start":{"line":127,"column":0},"end":{"line":127,"column":null}},"5":{"start":{"line":129,"column":0},"end":{"line":129,"column":null}},"6":{"start":{"line":130,"column":0},"end":{"line":130,"column":null}},"7":{"start":{"line":132,"column":0},"end":{"line":132,"column":null}},"8":{"start":{"line":135,"column":0},"end":{"line":135,"column":null}},"9":{"start":{"line":136,"column":0},"end":{"line":136,"column":null}},"10":{"start":{"line":137,"column":0},"end":{"line":137,"column":null}},"11":{"start":{"line":138,"column":0},"end":{"line":138,"column":null}},"12":{"start":{"line":139,"column":0},"end":{"line":157,"column":null}},"13":{"start":{"line":140,"column":0},"end":{"line":156,"column":null}},"14":{"start":{"line":141,"column":0},"end":{"line":141,"column":null}},"15":{"start":{"line":142,"column":0},"end":{"line":152,"column":null}},"16":{"start":{"line":143,"column":0},"end":{"line":151,"column":null}},"17":{"start":{"line":145,"column":0},"end":{"line":145,"column":null}},"18":{"start":{"line":146,"column":0},"end":{"line":146,"column":null}},"19":{"start":{"line":147,"column":0},"end":{"line":147,"column":null}},"20":{"start":{"line":150,"column":0},"end":{"line":150,"column":null}},"21":{"start":{"line":153,"column":0},"end":{"line":153,"column":null}},"22":{"start":{"line":154,"column":0},"end":{"line":154,"column":null}},"23":{"start":{"line":155,"column":0},"end":{"line":155,"column":null}},"24":{"start":{"line":161,"column":0},"end":{"line":161,"column":null}},"25":{"start":{"line":166,"column":0},"end":{"line":166,"column":null}},"26":{"start":{"line":124,"column":0},"end":{"line":119,"column":null}},"27":{"start":{"line":121,"column":0},"end":{"line":121,"column":null}}},"fnMap":{"0":{"name":"(anonymous_1)","decl":{"start":{"line":124,"column":0},"end":{"line":124,"column":null}},"loc":{"start":{"line":124,"column":0},"end":{"line":168,"column":null}}},"1":{"name":"(anonymous_2)","decl":{"start":{"line":134,"column":0},"end":{"line":134,"column":null}},"loc":{"start":{"line":134,"column":0},"end":{"line":158,"column":null}}},"2":{"name":"(anonymous_3)","decl":{"start":{"line":142,"column":0},"end":{"line":142,"column":null}},"loc":{"start":{"line":142,"column":0},"end":{"line":152,"column":null}}},"3":{"name":"(anonymous_4)","decl":{"start":{"line":160,"column":0},"end":{"line":160,"column":null}},"loc":{"start":{"line":160,"column":0},"end":{"line":167,"column":null}}},"4":{"name":"(anonymous_5)","decl":{"start":{"line":121,"column":0},"end":{"line":121,"column":null}},"loc":{"start":{"line":121,"column":0},"end":{"line":121,"column":null}}}},"branchMap":{"0":{"loc":{"start":{"line":139,"column":0},"end":{"line":157,"column":null}},"type":"if","locations":[{"start":{"line":139,"column":0},"end":{"line":157,"column":null}},{"start":{"line":139,"column":0},"end":{"line":157,"column":null}}]},"1":{"loc":{"start":{"line":143,"column":0},"end":{"line":151,"column":null}},"type":"if","locations":[{"start":{"line":143,"column":0},"end":{"line":151,"column":null}},{"start":{"line":143,"column":0},"end":{"line":151,"column":null}}]}},"s":{"0":1,"1":1,"2":2,"3":2,"4":2,"5":2,"6":2,"7":2,"8":0,"9":0,"10":0,"11":0,"12":0,"13":0,"14":0,"15":0,"16":0,"17":0,"18":0,"19":0,"20":0,"21":0,"22":0,"23":0,"24":1,"25":1,"26":1,"27":0},"f":{"0":2,"1":0,"2":0,"3":1,"4":0},"b":{"0":[0,0],"1":[0,0]}}
,"D:\\Vlad\\Web\\Privat\\feed-engine-frontend\\src\\components\\PhotoCard.vue": {"path":"D:\\Vlad\\Web\\Privat\\feed-engine-frontend\\src\\components\\PhotoCard.vue","statementMap":{"0":{"start":{"line":22,"column":0},"end":{"line":22,"column":null}},"1":{"start":{"line":27,"column":0},"end":{"line":27,"column":null}},"2":{"start":{"line":32,"column":0},"end":{"line":32,"column":null}},"3":{"start":{"line":33,"column":0},"end":{"line":33,"column":null}},"4":{"start":{"line":34,"column":0},"end":{"line":34,"column":null}},"5":{"start":{"line":29,"column":0},"end":{"line":28,"column":null}},"6":{"start":{"line":27,"column":0},"end":{"line":24,"column":null}}},"fnMap":{"0":{"name":"(anonymous_1)","decl":{"start":{"line":31,"column":0},"end":{"line":31,"column":null}},"loc":{"start":{"line":31,"column":0},"end":{"line":35,"column":null}}}},"branchMap":{},"s":{"0":1,"1":1,"2":0,"3":0,"4":0,"5":1,"6":1},"f":{"0":0},"b":{}}
}
