{"D:\\Vlad\\Web\\Privat\\feed-engine-frontend\\src\\components\\AlbumCard.vue": {"path":"D:\\Vlad\\Web\\Privat\\feed-engine-frontend\\src\\components\\AlbumCard.vue","statementMap":{"0":{"start":{"line":45,"column":0},"end":{"line":45,"column":null}},"1":{"start":{"line":52,"column":0},"end":{"line":52,"column":null}},"2":{"start":{"line":62,"column":0},"end":{"line":62,"column":null}},"3":{"start":{"line":63,"column":0},"end":{"line":63,"column":null}},"4":{"start":{"line":54,"column":0},"end":{"line":53,"column":null}},"5":{"start":{"line":59,"column":0},"end":{"line":56,"column":null}},"6":{"start":{"line":57,"column":0},"end":{"line":57,"column":null}},"7":{"start":{"line":52,"column":0},"end":{"line":47,"column":null}},"8":{"start":{"line":49,"column":0},"end":{"line":49,"column":null}}},"fnMap":{"0":{"name":"(anonymous_1)","decl":{"start":{"line":61,"column":0},"end":{"line":61,"column":null}},"loc":{"start":{"line":61,"column":0},"end":{"line":64,"column":null}}},"1":{"name":"(anonymous_2)","decl":{"start":{"line":57,"column":0},"end":{"line":57,"column":null}},"loc":{"start":{"line":57,"column":0},"end":{"line":57,"column":null}}},"2":{"name":"(anonymous_3)","decl":{"start":{"line":49,"column":0},"end":{"line":49,"column":null}},"loc":{"start":{"line":49,"column":0},"end":{"line":49,"column":null}}}},"branchMap":{},"s":{"0":1,"1":1,"2":0,"3":0,"4":1,"5":1,"6":2,"7":1,"8":0},"f":{"0":0,"1":2,"2":0},"b":{}}
,"D:\\Vlad\\Web\\Privat\\feed-engine-frontend\\src\\components\\PhotoCard.vue": {"path":"D:\\Vlad\\Web\\Privat\\feed-engine-frontend\\src\\components\\PhotoCard.vue","statementMap":{"0":{"start":{"line":22,"column":0},"end":{"line":22,"column":null}},"1":{"start":{"line":27,"column":0},"end":{"line":27,"column":null}},"2":{"start":{"line":32,"column":0},"end":{"line":32,"column":null}},"3":{"start":{"line":33,"column":0},"end":{"line":33,"column":null}},"4":{"start":{"line":34,"column":0},"end":{"line":34,"column":null}},"5":{"start":{"line":29,"column":0},"end":{"line":28,"column":null}},"6":{"start":{"line":27,"column":0},"end":{"line":24,"column":null}}},"fnMap":{"0":{"name":"(anonymous_1)","decl":{"start":{"line":31,"column":0},"end":{"line":31,"column":null}},"loc":{"start":{"line":31,"column":0},"end":{"line":35,"column":null}}}},"branchMap":{},"s":{"0":1,"1":1,"2":0,"3":0,"4":0,"5":1,"6":1},"f":{"0":0},"b":{}}
}
