TN:
SF:D:\Vlad\Web\Privat\feed-engine-frontend\src\components\AlbumCard.vue
FN:60,(anonymous_1)
FN:56,(anonymous_2)
FN:48,(anonymous_3)
FNF:3
FNH:1
FNDA:0,(anonymous_1)
FNDA:3,(anonymous_2)
FNDA:0,(anonymous_3)
DA:43,1
DA:48,0
DA:51,1
DA:53,1
DA:56,3
DA:58,1
DA:61,0
DA:62,0
LF:8
LH:5
BRF:0
BRH:0
end_of_record
TN:
SF:D:\Vlad\Web\Privat\feed-engine-frontend\src\components\AlbumForm.vue
FN:124,(anonymous_1)
FN:134,(anonymous_2)
FN:142,(anonymous_3)
FN:160,(anonymous_4)
FN:121,(anonymous_5)
FNF:5
FNH:2
FNDA:2,(anonymous_1)
FNDA:0,(anonymous_2)
FNDA:0,(anonymous_3)
FNDA:1,(anonymous_4)
FNDA:0,(anonymous_5)
DA:116,1
DA:121,0
DA:124,1
DA:125,2
DA:126,2
DA:127,2
DA:129,2
DA:130,2
DA:132,2
DA:135,0
DA:136,0
DA:137,0
DA:138,0
DA:139,0
DA:140,0
DA:141,0
DA:142,0
DA:143,0
DA:145,0
DA:146,0
DA:147,0
DA:150,0
DA:153,0
DA:154,0
DA:155,0
DA:161,1
DA:166,1
LF:27
LH:10
BRDA:139,0,0,0
BRDA:139,0,1,0
BRDA:143,1,0,0
BRDA:143,1,1,0
BRF:4
BRH:0
end_of_record
TN:
SF:D:\Vlad\Web\Privat\feed-engine-frontend\src\components\PhotoCard.vue
FN:31,(anonymous_1)
FNF:1
FNH:0
FNDA:0,(anonymous_1)
DA:22,1
DA:27,1
DA:29,1
DA:32,0
DA:33,0
DA:34,0
LF:6
LH:3
BRF:0
BRH:0
end_of_record
