TN:
SF:D:\Vlad\Web\Privat\feed-engine-frontend\src\components\AlbumCard.vue
FN:61,(anonymous_1)
FN:57,(anonymous_2)
FN:49,(anonymous_3)
FNF:3
FNH:1
FNDA:0,(anonymous_1)
FNDA:2,(anonymous_2)
FNDA:0,(anonymous_3)
DA:45,1
DA:49,0
DA:52,1
DA:54,1
DA:57,2
DA:59,1
DA:62,0
DA:63,0
LF:8
LH:5
BRF:0
BRH:0
end_of_record
TN:
SF:D:\Vlad\Web\Privat\feed-engine-frontend\src\components\PhotoCard.vue
FN:31,(anonymous_1)
FNF:1
FNH:0
FNDA:0,(anonymous_1)
DA:22,1
DA:27,1
DA:29,1
DA:32,0
DA:33,0
DA:34,0
LF:6
LH:3
BRF:0
BRH:0
end_of_record
